<?xml version="1.0" encoding="UTF-8"?>
<testsuite name="GrassFieldTest" tests="5" skipped="0" failures="0" errors="0" timestamp="2022-11-22T00:05:45" hostname="DESKTOP-JABR6ML" time="0.369">
  <properties/>
  <testcase name="test_map1()" classname="GrassFieldTest" time="0.044"/>
  <testcase name="test_map2()" classname="GrassFieldTest" time="0.045"/>
  <testcase name="test_map3()" classname="GrassFieldTest" time="0.15"/>
  <testcase name="test_map4()" classname="GrassFieldTest" time="0.039"/>
  <testcase name="test_map5()" classname="GrassFieldTest" time="0.087"/>
  <system-out><![CDATA[ y\x  1 2 3 4 5 6 7
 10: ---------------
  9: |*| | |*| | | |
  8: | | |*|*| | | |
  7: | | | | | | | |
  6: | | | | | |N| |
  5: |*|*| | | | | |
  4: | | | |N|*| | |
  3: | | | | |*| |*|
  2: | |N| | | | | |
  1: ---------------

 y\x  1 2 3 4 5 6 7
 10: ---------------
  9: |*| | |*| | | |
  8: | | |*|*| | | |
  7: | | | | | | | |
  6: | | | | | |N| |
  5: |*|*| | | | | |
  4: | | | |N|*| | |
  3: | |N| | |*| |*|
  2: ---------------

 y\x  1 2 3 4 5 6 7
 10: ---------------
  9: |*| | |*| | | |
  8: | | |*|*| | | |
  7: | | | | | | | |
  6: | | | | | |N| |
  5: |*|*| |N| | | |
  4: | | | | |*| | |
  3: | |N| | |*| |*|
  2: ---------------

 y\x  1 2 3 4 5 6 7
 10: ---------------
  9: |*| | |*| | | |
  8: | | |*|*| | | |
  7: | | | | | |N| |
  6: | | | | | |*| |
  5: |*|*| |N| | | |
  4: | | | | |*| | |
  3: | |N| | |*| |*|
  2: ---------------

 y\x  1 2 3 4 5 6 7
 10: ---------------
  9: |*| | |*| | | |
  8: | | |*|*| | | |
  7: | | | | | |N| |
  6: | | | | | |*| |
  5: |*|*| |N| | | |
  4: | |N| | |*| | |
  3: | | | | |*| |*|
  2: ---------------

 y\x  1 2 3 4 5 6 7
 10: ---------------
  9: |*| | |*| | | |
  8: | | |*|*| | | |
  7: | | | | | |N| |
  6: | | | | | |*| |
  5: |*|*| |W| | | |
  4: | |N| | |*| | |
  3: | | | | |*| |*|
  2: ---------------

 y\x  1 2 3 4 5 6 7
 10: ---------------
  9: |*| | |*| | | |
  8: | | |*|*| | | |
  7: | | | | | |W| |
  6: | | | | | |*| |
  5: |*|*| |W| | | |
  4: | |N| | |*| | |
  3: | | | | |*| |*|
  2: ---------------

 y\x  1 2 3 4 5 6 7
 10: ---------------
  9: |*| | |*| | | |
  8: | | |*|*| | | |
  7: | | | | | |W| |
  6: | | | | | |*| |
  5: |*|*| |W| | | |
  4: | |E| | |*| | |
  3: | | | | |*| |*|
  2: ---------------

 y\x  1 2 3 4 5 6 7
 10: ---------------
  9: |*| | |*| | | |
  8: | | |*|*| | | |
  7: | | | | | |W| |
  6: | | | | | |*| |
  5: |*|*|W| | | | |
  4: | |E| | |*| | |
  3: | | | | |*| |*|
  2: ---------------

 y\x  1 2 3 4 5 6 7
 10: ---------------
  9: |*| | |*| | | |
  8: | | |*|*| | | |
  7: | | | | |W| | |
  6: | | | | | |*| |
  5: |*|*|W| | | | |
  4: | |E| | |*| | |
  3: | | | | |*| |*|
  2: ---------------

 y\x  0 1 2 3 4 5 6 7 8
 10: -------------------
  9: |*| | | | | | | | |
  8: | | | | | | | | | |
  7: | | | | | | |*| | |
  6: | | | | | | | | |*|
  5: |*| | | | | | | |*|
  4: | | | | | | | | | |
  3: | | | | | | | | |*|
  2: | | |N| | | | |*| |
  1: | |N| |*| | | | | |
  0: |N| | | |*| | | |*|
 -1: -------------------

 y\x  0 1 2 3 4 5 6 7 8
 10: -------------------
  9: |*| | | | | | | | |
  8: | | | | | | | | | |
  7: | | | | | | |*| | |
  6: | | | | | | | | |*|
  5: |*| | | | | | | |*|
  4: | | | | | | | | | |
  3: | | | | | | | | |*|
  2: | | |N| | | | |*| |
  1: |N|N| |*| | | | | |
  0: | | | | |*| | | |*|
 -1: -------------------

 y\x  0 1 2 3 4 5 6 7 8
 10: -------------------
  9: |*| | | | | | | | |
  8: | | | | | | | | | |
  7: | | | | | | |*| | |
  6: | | | | | | | | |*|
  5: |*| | | | | | | |*|
  4: | | | | | | | | | |
  3: | | | | | | | | |*|
  2: | | |N| | | | |*| |
  1: |N|W| |*| | | | | |
  0: | | | | |*| | | |*|
 -1: -------------------

 y\x  0 1 2 3 4 5 6 7 8
 10: -------------------
  9: |*| | | | | | | | |
  8: | | | | | | | | | |
  7: | | | | | | |*| | |
  6: | | | | | | | | |*|
  5: |*| | | | | | | |*|
  4: | | | | | | | | | |
  3: | | | | | | | | |*|
  2: | | | | | | | |*| |
  1: |N|W|N|*| | | | | |
  0: | | | | |*| | | |*|
 -1: -------------------

 y\x  0 1 2 3 4 5 6 7 8
 10: -------------------
  9: |*| | | | | | | | |
  8: | | | | | | | | | |
  7: | | | | | | |*| | |
  6: | | | | | | | | |*|
  5: |*| | | | | | | |*|
  4: | | | | | | | | | |
  3: | | | | | | | | |*|
  2: | | | | | | | |*| |
  1: |E|W|N|*| | | | | |
  0: | | | | |*| | | |*|
 -1: -------------------

 y\x  0 1 2 3 4 5 6 7 8
 10: -------------------
  9: |*| | | | | | | | |
  8: | | | | | | | | | |
  7: | | | | | | |*| | |
  6: | | | | | | | | |*|
  5: |*| | | | | | | |*|
  4: | | | | | | | | | |
  3: | | | | | | | | |*|
  2: | | | | | | | |*| |
  1: |E|W|N|*| | | | | |
  0: | | | | |*| | | |*|
 -1: -------------------

 y\x  0 1 2 3 4 5 6 7 8
 10: -------------------
  9: |*| | | | | | | | |
  8: | | | | | | | | | |
  7: | | | | | | |*| | |
  6: | | | | | | | | |*|
  5: |*| | | | | | | |*|
  4: | | | | | | | | | |
  3: | | | | | | | | |*|
  2: | | | | | | | |*| |
  1: |E|W|W|*| | | | | |
  0: | | | | |*| | | |*|
 -1: -------------------

 y\x  0 1 2 3 4 5 6 7 8
 10: -------------------
  9: |*| | | | | | | | |
  8: | | | | | | | | | |
  7: | | | | | | |*| | |
  6: | | | | | | | | |*|
  5: |*| | | | | | | |*|
  4: | | | | | | | | | |
  3: | | | | | | | | |*|
  2: | | | | | | | |*| |
  1: |E|W|W|*| | | | | |
  0: | | | | |*| | | |*|
 -1: -------------------

 y\x  0 1 2 3 4 5 6 7 8
 10: -------------------
  9: |*| | | | | | | | |
  8: | | | | | | | | | |
  7: | | | | | | |*| | |
  6: | | | | | | | | |*|
  5: |*| | | | | | | |*|
  4: | | | | | | | | | |
  3: | | | | | | | | |*|
  2: | | | | | | | |*| |
  1: |E|W|W|*| | | | | |
  0: | | | | |*| | | |*|
 -1: -------------------

 y\x  0 1 2 3 4 5 6 7 8
 10: -------------------
  9: |*| | | | | | | | |
  8: | | | | | | | | | |
  7: | | | | | | |*| | |
  6: | | | | | | | | |*|
  5: |*| | | | | | | |*|
  4: | | | | | | | | | |
  3: | | | | | | | | |*|
  2: | | | | | | | |*| |
  1: |E|W|W|*| | | | | |
  0: | | | | |*| | | |*|
 -1: -------------------

 y\x  0 1 2 3 4 5 6 7 8
 10: -------------------
  9: |*| | | | | | | | |
  8: | | | | | | | | | |
  7: | | | | | | |*| | |
  6: | | | | | | | | |*|
  5: |*| | | | | | | |*|
  4: | | | | | | | | | |
  3: | | | | | | | | |*|
  2: | | | | | | | |*| |
  1: |S|W|W|*| | | | | |
  0: | | | | |*| | | |*|
 -1: -------------------

 y\x  0 1 2 3 4 5 6 7 8
 10: -------------------
  9: |*| | | | | | | | |
  8: | | | | | | | | | |
  7: | | | | | | |*| | |
  6: | | | | | | | | |*|
  5: |*| | | | | | | |*|
  4: | | | | | | | | | |
  3: | | | | | | | | |*|
  2: | | | | | | | |*| |
  1: |S|S|W|*| | | | | |
  0: | | | | |*| | | |*|
 -1: -------------------

 y\x  0 1 2 3 4 5 6 7 8
 10: -------------------
  9: |*| | | | | | | | |
  8: | | | | | | | | | |
  7: | | | | | | |*| | |
  6: | | | | | | | | |*|
  5: |*| | | | | | | |*|
  4: | | | | | | | | | |
  3: | | | | | | | | |*|
  2: | | | | | | | |*| |
  1: |S|S|S|*| | | | | |
  0: | | | | |*| | | |*|
 -1: -------------------

 y\x  0 1 2 3 4 5 6 7 8
 10: -------------------
  9: |*| | | | | | | | |
  8: | | | | | | | | | |
  7: | | | | | | |*| | |
  6: | | | | | | | | |*|
  5: |*| | | | | | | |*|
  4: | | | | | | | | | |
  3: | | | | | | | | |*|
  2: | | | | | | | |*| |
  1: | |S|S|*| | | | | |
  0: |S| | | |*| | | |*|
 -1: -------------------

 y\x  0 1 2 3 4 5 6 7 8
 10: -------------------
  9: |*| | | | | | | | |
  8: | | | | | | | | | |
  7: | | | | | | |*| | |
  6: | | | | | | | | |*|
  5: |*| | | | | | | |*|
  4: | | | | | | | | | |
  3: | | | | | | | | |*|
  2: | | | | | | | |*| |
  1: | | |S|*| | | | | |
  0: |S|S| | |*| | | |*|
 -1: -------------------

 y\x  0 1 2 3 4 5 6 7 8
 10: -------------------
  9: |*| | | | | | | | |
  8: | | | | | | | | | |
  7: | | | | | | |*| | |
  6: | | | | | | | | |*|
  5: |*| | | | | | | |*|
  4: | | | | | | | | | |
  3: | | | | | | | | |*|
  2: | | | | | | | |*| |
  1: | | | |*| | | | | |
  0: |S|S|S| |*| | | |*|
 -1: -------------------

 y\x  0 1 2 3 4 5 6 7 8
 10: -------------------
  9: |*| | | | | | | | |
  8: | | | | | | | | | |
  7: | | | | | | |*| | |
  6: | | | | | | | | |*|
  5: |*| | | | | | | |*|
  4: | | | | | | | | | |
  3: | | | | | | | | |*|
  2: | | | | | | | |*| |
  1: | | | |*| | | | | |
  0: | |S|S| |*| | | |*|
 -1: |S| | | | | | | | |
 -2: -------------------

 y\x  0 1 2 3 4 5 6 7 8
 10: -------------------
  9: |*| | | | | | | | |
  8: | | | | | | | | | |
  7: | | | | | | |*| | |
  6: | | | | | | | | |*|
  5: |*| | | | | | | |*|
  4: | | | | | | | | | |
  3: | | | | | | | | |*|
  2: | | | | | | | |*| |
  1: | | | |*| | | | | |
  0: | | |S| |*| | | |*|
 -1: |S|S| | | | | | | |
 -2: -------------------

 y\x  0 1 2 3 4 5 6 7 8
 10: -------------------
  9: |*| | | | | | | | |
  8: | | | | | | | | | |
  7: | | | | | | |*| | |
  6: | | | | | | | | |*|
  5: |*| | | | | | | |*|
  4: | | | | | | | | | |
  3: | | | | | | | | |*|
  2: | | | | | | | |*| |
  1: | | | |*| | | | | |
  0: | | | | |*| | | |*|
 -1: |S|S|S| | | | | | |
 -2: -------------------

 y\x  0 1 2 3 4 5 6 7 8
 10: -------------------
  9: |*| | | | | | | | |
  8: | | | | | | | | | |
  7: | | | | | | |*| | |
  6: | | | | | | | | |*|
  5: |*| | | | | | | |*|
  4: | | | | | | | | | |
  3: | | | | | | | | |*|
  2: | | | | | | | |*| |
  1: | | | |*| | | | | |
  0: | | | | |*| | | |*|
 -1: | |S|S| | | | | | |
 -2: |S| | | | | | | | |
 -3: -------------------

 y\x  0 1 2 3 4 5 6 7 8
 10: -------------------
  9: |*| | | | | | | | |
  8: | | | | | | | | | |
  7: | | | | | | |*| | |
  6: | | | | | | | | |*|
  5: |*| | | | | | | |*|
  4: | | | | | | | | | |
  3: | | | | | | | | |*|
  2: | | | | | | | |*| |
  1: | | | |*| | | | | |
  0: | | | | |*| | | |*|
 -1: | | |S| | | | | | |
 -2: |S|S| | | | | | | |
 -3: -------------------

 y\x  0 1 2 3 4 5 6 7 8
 10: -------------------
  9: |*| | | | | | | | |
  8: | | | | | | | | | |
  7: | | | | | | |*| | |
  6: | | | | | | | | |*|
  5: |*| | | | | | | |*|
  4: | | | | | | | | | |
  3: | | | | | | | | |*|
  2: | | | | | | | |*| |
  1: | | | |*| | | | | |
  0: | | | | |*| | | |*|
 -1: | | | | | | | | | |
 -2: |S|S|S| | | | | | |
 -3: -------------------

 y\x  0 1 2 3 4 5 6 7 8 9
 10: ---------------------
  9: | | | | | | |*| | | |
  8: | | | | | | | | | | |
  7: | |*| | | | | | | | |
  6: | |*| | | | | | | | |
  5: |N| | | |*|*| | | | |
  4: |N| | | | | | | | | |
  3: |N| | | |*| | | | | |
  2: |N| | | | | | | | |*|
  1: |N| | | | | | | | |*|
  0: |N| |*| |*| | | | | |
 -1: ---------------------

 y\x  0 1 2 3 4 5 6 7 8 9
 10: ---------------------
  9: | | | | | | |*| | | |
  8: | | | | | | | | | | |
  7: | |*| | | | | | | | |
  6: | |*| | | | | | | | |
  5: |N| | | |*|*| | | | |
  4: |N| | | | | | | | | |
  3: |N| | | |*| | | | | |
  2: |N| | | | | | | | |*|
  1: |N| | | | | | | | |*|
  0: |N| |*| |*| | | | | |
 -1: ---------------------

 y\x  0 1 2 3 4 5 6 7 8 9
 10: ---------------------
  9: | | | | | | |*| | | |
  8: | | | | | | | | | | |
  7: | |*| | | | | | | | |
  6: | |*| | | | | | | | |
  5: |N| | | |*|*| | | | |
  4: |N| | | | | | | | | |
  3: |N| | | |*| | | | | |
  2: |N| | | | | | | | |*|
  1: |N| | | | | | | | |*|
  0: |N| |*| |*| | | | | |
 -1: ---------------------

 y\x  0 1 2 3 4 5 6 7 8 9
 10: ---------------------
  9: | | | | | | |*| | | |
  8: | | | | | | | | | | |
  7: | |*| | | | | | | | |
  6: | |*| | | | | | | | |
  5: |N| | | |*|*| | | | |
  4: |N| | | | | | | | | |
  3: |N| | | |*| | | | | |
  2: |N| | | | | | | | |*|
  1: |N| | | | | | | | |*|
  0: |N| |*| |*| | | | | |
 -1: ---------------------

 y\x  0 1 2 3 4 5 6 7 8 9
 10: ---------------------
  9: | | | | | | |*| | | |
  8: | | | | | | | | | | |
  7: | |*| | | | | | | | |
  6: | |*| | | | | | | | |
  5: |N| | | |*|*| | | | |
  4: |N| | | | | | | | | |
  3: |N| | | |*| | | | | |
  2: |N| | | | | | | | |*|
  1: |N| | | | | | | | |*|
  0: |N| |*| |*| | | | | |
 -1: ---------------------

 y\x  0 1 2 3 4 5 6 7 8 9
 10: ---------------------
  9: | | | | | | |*| | | |
  8: | | | | | | | | | | |
  7: | |*| | | | | | | | |
  6: | |*| | | | | | | | |
  5: |N| | | |*|*| | | | |
  4: |N| | | | | | | | | |
  3: |N| | | |*| | | | | |
  2: |N| | | | | | | | |*|
  1: |N| | | | | | | | |*|
  0: |N| |*| |*| | | | | |
 -1: ---------------------

 y\x  0 1 2 3 4 5 6 7 8 9
 10: ---------------------
  9: | | | | | | |*| | | |
  8: | | | | | | | | | | |
  7: | |*| | | | | | | | |
  6: |N|*| | | | | | | | |
  5: | | | | |*|*| | | | |
  4: |N| | | | | | | | | |
  3: |N| | | |*| | | | | |
  2: |N| | | | | | | | |*|
  1: |N| | | | | | | | |*|
  0: |N| |*| |*| | | | | |
 -1: ---------------------

 y\x  0 1 2 3 4 5 6 7 8 9
 10: ---------------------
  9: | | | | | | |*| | | |
  8: | | | | | | | | | | |
  7: | |*| | | | | | | | |
  6: |N|*| | | | | | | | |
  5: | | | | |*|*| | | | |
  4: |N| | | | | | | | | |
  3: |N| | | |*| | | | | |
  2: |N| | | | | | | | |*|
  1: |N| | | | | | | | |*|
  0: |E| |*| |*| | | | | |
 -1: ---------------------

 y\x  0 1 2 3 4 5 6 7 8 9
 10: ---------------------
  9: | | | | | | |*| | | |
  8: | | | | | | | | | | |
  7: | |*| | | | | | | | |
  6: |N|*| | | | | | | | |
  5: | | | | |*|*| | | | |
  4: |N| | | | | | | | | |
  3: |N| | | |*| | | | | |
  2: |N| | | | | | | | |*|
  1: |W| | | | | | | | |*|
  0: |E| |*| |*| | | | | |
 -1: ---------------------

 y\x  0 1 2 3 4 5 6 7 8 9
 10: ---------------------
  9: | | | | | | |*| | | |
  8: | | | | | | | | | | |
  7: | |*| | | | | | | | |
  6: |N|*| | | | | | | | |
  5: | | | | |*|*| | | | |
  4: |N| | | | | | | | | |
  3: |N| | | |*| | | | | |
  2: |E| | | | | | | | |*|
  1: |W| | | | | | | | |*|
  0: |E| |*| |*| | | | | |
 -1: ---------------------

 y\x  0 1 2 3 4 5 6 7 8 9
 10: ---------------------
  9: | | | | | | |*| | | |
  8: | | | | | | | | | | |
  7: | |*| | | | | | | | |
  6: |N|*| | | | | | | | |
  5: | | | | |*|*| | | | |
  4: |N| | | | | | | | | |
  3: |W| | | |*| | | | | |
  2: |E| | | | | | | | |*|
  1: |W| | | | | | | | |*|
  0: |E| |*| |*| | | | | |
 -1: ---------------------

 y\x  0 1 2 3 4 5 6 7 8 9
 10: ---------------------
  9: | | | | | | |*| | | |
  8: | | | | | | | | | | |
  7: | |*| | | | | | | | |
  6: |N|*| | | | | | | | |
  5: | | | | |*|*| | | | |
  4: |E| | | | | | | | | |
  3: |W| | | |*| | | | | |
  2: |E| | | | | | | | |*|
  1: |W| | | | | | | | |*|
  0: |E| |*| |*| | | | | |
 -1: ---------------------

 y\x  0 1 2 3 4 5 6 7 8 9
 10: ---------------------
  9: | | | | | | |*| | | |
  8: | | | | | | | | | | |
  7: | |*| | | | | | | | |
  6: |W|*| | | | | | | | |
  5: | | | | |*|*| | | | |
  4: |E| | | | | | | | | |
  3: |W| | | |*| | | | | |
  2: |E| | | | | | | | |*|
  1: |W| | | | | | | | |*|
  0: |E| |*| |*| | | | | |
 -1: ---------------------

 y\x  0 1 2 3 4 5 6 7 8 9
 10: ---------------------
  9: | | | | | | |*| | | |
  8: | | | | | | | | | | |
  7: | |*| | | | | | | | |
  6: |W|*| | | | | | | | |
  5: | | | | |*|*| | | | |
  4: |E| | | | | | | | | |
  3: |W| | | |*| | | | | |
  2: |E| | | | | | | | |*|
  1: |W| | | | | | | | |*|
  0: | |E|*| |*| | | | | |
 -1: ---------------------

 y\x -1 0 1 2 3 4 5 6 7 8 9
 10: -----------------------
  9: | | | | | | | |*| | | |
  8: | | | | | | | | | | | |
  7: | | |*| | | | | | | | |
  6: | |W|*| | | | | | | | |
  5: | | | | | |*|*| | | | |
  4: | |E| | | | | | | | | |
  3: | |W| | | |*| | | | | |
  2: | |E| | | | | | | | |*|
  1: |W| | | | | | | | | |*|
  0: | | |E|*| |*| | | | | |
 -1: -----------------------

 y\x -1 0 1 2 3 4 5 6 7 8 9
 10: -----------------------
  9: | | | | | | | |*| | | |
  8: | | | | | | | | | | | |
  7: | | |*| | | | | | | | |
  6: | |W|*| | | | | | | | |
  5: | | | | | |*|*| | | | |
  4: | |E| | | | | | | | | |
  3: | |W| | | |*| | | | | |
  2: | | |E| | | | | | | |*|
  1: |W| | | | | | | | | |*|
  0: | | |E|*| |*| | | | | |
 -1: -----------------------

 y\x -1 0 1 2 3 4 5 6 7 8 9
 10: -----------------------
  9: | | | | | | | |*| | | |
  8: | | | | | | | | | | | |
  7: | | |*| | | | | | | | |
  6: | |W|*| | | | | | | | |
  5: | | | | | |*|*| | | | |
  4: | |E| | | | | | | | | |
  3: |W| | | | |*| | | | | |
  2: | | |E| | | | | | | |*|
  1: |W| | | | | | | | | |*|
  0: | | |E|*| |*| | | | | |
 -1: -----------------------

 y\x -1 0 1 2 3 4 5 6 7 8 9
 10: -----------------------
  9: | | | | | | | |*| | | |
  8: | | | | | | | | | | | |
  7: | | |*| | | | | | | | |
  6: | |W|*| | | | | | | | |
  5: | | | | | |*|*| | | | |
  4: | | |E| | | | | | | | |
  3: |W| | | | |*| | | | | |
  2: | | |E| | | | | | | |*|
  1: |W| | | | | | | | | |*|
  0: | | |E|*| |*| | | | | |
 -1: -----------------------

 y\x -1 0 1 2 3 4 5 6 7 8 9
 10: -----------------------
  9: | | | | | | | |*| | | |
  8: | | | | | | | | | | | |
  7: | | |*| | | | | | | | |
  6: |W| |*| | | | | | | | |
  5: | | | | | |*|*| | | | |
  4: | | |E| | | | | | | | |
  3: |W| | | | |*| | | | | |
  2: | | |E| | | | | | | |*|
  1: |W| | | | | | | | | |*|
  0: | | |E|*| |*| | | | | |
 -1: -----------------------

 y\x -1 0 1 2 3 4 5 6 7 8 9
 10: -----------------------
  9: | | | | | | | |*| | | |
  8: | | | | | | | | | | | |
  7: | | |*| | | | | | | | |
  6: |W| |*| | | | | | | | |
  5: | | | | | |*|*| | | | |
  4: | | |E| | | | | | | | |
  3: |W| | | | |*| | | | | |
  2: | | |E| | | | | | | |*|
  1: |W| | | | | | | | | |*|
  0: | | | |E| |*| | | | | |
 -1: -----------------------

 y\x -2-1 0 1 2 3 4 5 6 7 8 9
 10: -------------------------
  9: | | | | | | | | |*| | | |
  8: | | | | | | | | | | | | |
  7: | | | |*| | | | | | | | |
  6: | |W| |*| | | | | | | | |
  5: | | | | | | |*|*| | | | |
  4: | | | |E| | | | | | | | |
  3: | |W| | | | |*| | | | | |
  2: | | | |E| | | | | | | |*|
  1: |W| | | | | | | | | | |*|
  0: | | | | |E| |*| | | | | |
 -1: -------------------------

 y\x -2-1 0 1 2 3 4 5 6 7 8 9
 10: -------------------------
  9: | | | | | | | | |*| | | |
  8: | | | | | | | | | | | | |
  7: | | | |*| | | | | | | | |
  6: | |W| |*| | | | | | | | |
  5: | | | | | | |*|*| | | | |
  4: | | | |E| | | | | | | | |
  3: | |W| | | | |*| | | | | |
  2: | | | | |E| | | | | | |*|
  1: |W| | | | | | | | | | |*|
  0: | | | | |E| |*| | | | | |
 -1: -------------------------

 y\x -2-1 0 1 2 3 4 5 6 7 8 9
 10: -------------------------
  9: | | | | | | | | |*| | | |
  8: | | | | | | | | | | | | |
  7: | | | |*| | | | | | | | |
  6: | |W| |*| | | | | | | | |
  5: | | | | | | |*|*| | | | |
  4: | | | |E| | | | | | | | |
  3: |W| | | | | |*| | | | | |
  2: | | | | |E| | | | | | |*|
  1: |W| | | | | | | | | | |*|
  0: | | | | |E| |*| | | | | |
 -1: -------------------------

 y\x -2-1 0 1 2 3 4 5 6 7 8 9
 10: -------------------------
  9: | | | | | | | | |*| | | |
  8: | | | | | | | | | | | | |
  7: | | | |*| | | | | | | | |
  6: | |W| |*| | | | | | | | |
  5: | | | | | | |*|*| | | | |
  4: | | | | |E| | | | | | | |
  3: |W| | | | | |*| | | | | |
  2: | | | | |E| | | | | | |*|
  1: |W| | | | | | | | | | |*|
  0: | | | | |E| |*| | | | | |
 -1: -------------------------

 y\x -2-1 0 1 2 3 4 5 6 7 8 9
 10: -------------------------
  9: | | | | | | | | |*| | | |
  8: | | | | | | | | | | | | |
  7: | | | |*| | | | | | | | |
  6: |W| | |*| | | | | | | | |
  5: | | | | | | |*|*| | | | |
  4: | | | | |E| | | | | | | |
  3: |W| | | | | |*| | | | | |
  2: | | | | |E| | | | | | |*|
  1: |W| | | | | | | | | | |*|
  0: | | | | |E| |*| | | | | |
 -1: -------------------------

 y\x  0 1
  4: -----
  3: | |*|
  2: |*| |
  1: | | |
  0: |N| |
 -1: -----

 y\x  0 1
  4: -----
  3: | |*|
  2: |*| |
  1: |N| |
  0: -----

 y\x  0 1
  4: -----
  3: | |*|
  2: |*| |
  1: |W| |
  0: -----

 y\x -1 0 1
  4: -------
  3: | | |*|
  2: | |*| |
  1: |W| | |
  0: -------

 y\x -2-1 0 1
  4: ---------
  3: | | | |*|
  2: | | |*| |
  1: |W| | | |
  0: ---------

 y\x -3-2-1 0 1
  4: -----------
  3: | | | | |*|
  2: | | | |*| |
  1: |W| | | | |
  0: -----------

 y\x -4-3-2-1 0 1
  4: -------------
  3: | | | | | |*|
  2: | | | | |*| |
  1: |W| | | | | |
  0: -------------

 y\x -4-3-2-1 0 1
  4: -------------
  3: | | | | | |*|
  2: | | | | |*| |
  1: |N| | | | | |
  0: -------------

 y\x -4-3-2-1 0 1
  4: -------------
  3: | | | | | |*|
  2: |N| | | |*| |
  1: -------------

 y\x -4-3-2-1 0 1
  4: -------------
  3: |N| | | | |*|
  2: | | | | |*| |
  1: -------------

 y\x -4-3-2-1 0 1
  5: -------------
  4: |N| | | | | |
  3: | | | | | |*|
  2: | | | | |*| |
  1: -------------

 y\x -4-3-2-1 0 1
  6: -------------
  5: |N| | | | | |
  4: | | | | | | |
  3: | | | | | |*|
  2: | | | | |*| |
  1: -------------

 y\x -4-3-2-1 0 1
  7: -------------
  6: |N| | | | | |
  5: | | | | | | |
  4: | | | | | | |
  3: | | | | | |*|
  2: | | | | |*| |
  1: -------------

 y\x -4-3-2-1 0 1
  7: -------------
  6: |E| | | | | |
  5: | | | | | | |
  4: | | | | | | |
  3: | | | | | |*|
  2: | | | | |*| |
  1: -------------

 y\x -3-2-1 0 1
  7: -----------
  6: |E| | | | |
  5: | | | | | |
  4: | | | | | |
  3: | | | | |*|
  2: | | | |*| |
  1: -----------

 y\x -2-1 0 1
  7: ---------
  6: |E| | | |
  5: | | | | |
  4: | | | | |
  3: | | | |*|
  2: | | |*| |
  1: ---------

 y\x -1 0 1
  7: -------
  6: |E| | |
  5: | | | |
  4: | | | |
  3: | | |*|
  2: | |*| |
  1: -------

 y\x  0 1
  7: -----
  6: |E| |
  5: | | |
  4: | | |
  3: | |*|
  2: |*| |
  1: -----

 y\x  0 1
  7: -----
  6: | |E|
  5: | | |
  4: | | |
  3: | |*|
  2: |*| |
  1: -----

 y\x  0 1 2
  3: -------
  2: | | |N|
  1: | |N| |
  0: |N| | |
 -1: -------

 y\x  0 1 2
  3: -------
  2: | | |N|
  1: | |N| |
  0: |W| | |
 -1: -------

 y\x  0 1 2
  3: -------
  2: | | |N|
  1: | |E| |
  0: |W| | |
 -1: -------

 y\x  0 1 2
  4: -------
  3: | | |N|
  2: | | | |
  1: | |E| |
  0: |W| | |
 -1: -------

 y\x -1 0 1 2
  4: ---------
  3: | | | |N|
  2: | | | | |
  1: | | |E| |
  0: |W| | | |
 -1: ---------

 y\x -1 0 1 2
  4: ---------
  3: | | | |N|
  2: | | | | |
  1: | | |S| |
  0: |W| | | |
 -1: ---------

 y\x -1 0 1 2
  4: ---------
  3: | | | |W|
  2: | | | | |
  1: | | |S| |
  0: |W| | | |
 -1: ---------

 y\x -1 0 1 2
  4: ---------
  3: | | | |W|
  2: | | | | |
  1: | | |S| |
  0: |N| | | |
 -1: ---------

 y\x -1 0 1 2
  4: ---------
  3: | | | |W|
  2: | | | | |
  1: | | | | |
  0: |N| |S| |
 -1: ---------

 y\x -1 0 1
  4: -------
  3: | | |W|
  2: | | | |
  1: | | | |
  0: |N| |S|
 -1: -------

 y\x -1 0 1
  4: -------
  3: | | |W|
  2: | | | |
  1: |N| | |
  0: | | |S|
 -1: -------

 y\x -1 0 1
  4: -------
  3: | | |W|
  2: | | | |
  1: |N| | |
  0: | | | |
 -1: | | |S|
 -2: -------

 y\x -1 0 1
  4: -------
  3: | |W| |
  2: | | | |
  1: |N| | |
  0: | | | |
 -1: | | |S|
 -2: -------

 y\x -1 0 1
  4: -------
  3: | |W| |
  2: |N| | |
  1: | | | |
  0: | | | |
 -1: | | |S|
 -2: -------

 y\x -1 0 1
  4: -------
  3: | |W| |
  2: |N| | |
  1: | | | |
  0: | | | |
 -1: | | | |
 -2: | | |S|
 -3: -------

 y\x -1 0 1
  4: -------
  3: |W| | |
  2: |N| | |
  1: | | | |
  0: | | | |
 -1: | | | |
 -2: | | |S|
 -3: -------

 y\x -1 0 1
  4: -------
  3: |W| | |
  2: |N| | |
  1: | | | |
  0: | | | |
 -1: | | | |
 -2: | | |S|
 -3: -------

 y\x -1 0 1
  4: -------
  3: |W| | |
  2: |N| | |
  1: | | | |
  0: | | | |
 -1: | | | |
 -2: | | | |
 -3: | | |S|
 -4: -------

 y\x -2-1 0 1
  4: ---------
  3: |W| | | |
  2: | |N| | |
  1: | | | | |
  0: | | | | |
 -1: | | | | |
 -2: | | | | |
 -3: | | | |S|
 -4: ---------

 y\x -2-1 0 1
  4: ---------
  3: |W|N| | |
  2: | | | | |
  1: | | | | |
  0: | | | | |
 -1: | | | | |
 -2: | | | | |
 -3: | | | |S|
 -4: ---------

 y\x -2-1 0 1
  4: ---------
  3: |W|N| | |
  2: | | | | |
  1: | | | | |
  0: | | | | |
 -1: | | | | |
 -2: | | | | |
 -3: | | | | |
 -4: | | | |S|
 -5: ---------

 y\x -3-2-1 0 1
  4: -----------
  3: |W| |N| | |
  2: | | | | | |
  1: | | | | | |
  0: | | | | | |
 -1: | | | | | |
 -2: | | | | | |
 -3: | | | | | |
 -4: | | | | |S|
 -5: -----------

 y\x -3-2-1 0 1
  4: -----------
  3: |W| |E| | |
  2: | | | | | |
  1: | | | | | |
  0: | | | | | |
 -1: | | | | | |
 -2: | | | | | |
 -3: | | | | | |
 -4: | | | | |S|
 -5: -----------

 y\x -3-2-1 0 1
  4: -----------
  3: |W| |E| | |
  2: | | | | | |
  1: | | | | | |
  0: | | | | | |
 -1: | | | | | |
 -2: | | | | | |
 -3: | | | | | |
 -4: | | | | |W|
 -5: -----------

 y\x -3-2-1 0 1
  4: -----------
  3: |S| |E| | |
  2: | | | | | |
  1: | | | | | |
  0: | | | | | |
 -1: | | | | | |
 -2: | | | | | |
 -3: | | | | | |
 -4: | | | | |W|
 -5: -----------

 y\x -3-2-1 0 1
  4: -----------
  3: |S| |S| | |
  2: | | | | | |
  1: | | | | | |
  0: | | | | | |
 -1: | | | | | |
 -2: | | | | | |
 -3: | | | | | |
 -4: | | | | |W|
 -5: -----------

 y\x -3-2-1 0
  4: ---------
  3: |S| |S| |
  2: | | | | |
  1: | | | | |
  0: | | | | |
 -1: | | | | |
 -2: | | | | |
 -3: | | | | |
 -4: | | | |W|
 -5: ---------

 y\x -3-2-1 0
  4: ---------
  3: | | |S| |
  2: |S| | | |
  1: | | | | |
  0: | | | | |
 -1: | | | | |
 -2: | | | | |
 -3: | | | | |
 -4: | | | |W|
 -5: ---------

 y\x -3-2-1 0
  3: ---------
  2: |S| |S| |
  1: | | | | |
  0: | | | | |
 -1: | | | | |
 -2: | | | | |
 -3: | | | | |
 -4: | | | |W|
 -5: ---------

 y\x -3-2-1
  3: -------
  2: |S| |S|
  1: | | | |
  0: | | | |
 -1: | | | |
 -2: | | | |
 -3: | | | |
 -4: | | |W|
 -5: -------

 y\x -3-2-1
  3: -------
  2: | | |S|
  1: |S| | |
  0: | | | |
 -1: | | | |
 -2: | | | |
 -3: | | | |
 -4: | | |W|
 -5: -------

 y\x -3-2-1
  2: -------
  1: |S| |S|
  0: | | | |
 -1: | | | |
 -2: | | | |
 -3: | | | |
 -4: | | |W|
 -5: -------

 y\x -3-2-1
  2: -------
  1: |S| |S|
  0: | | | |
 -1: | | | |
 -2: | | | |
 -3: | | | |
 -4: | |W| |
 -5: -------

 y\x -3-2-1
  2: -------
  1: | | |S|
  0: |S| | |
 -1: | | | |
 -2: | | | |
 -3: | | | |
 -4: | |W| |
 -5: -------

 y\x -3-2-1
  1: -------
  0: |S| |S|
 -1: | | | |
 -2: | | | |
 -3: | | | |
 -4: | |W| |
 -5: -------

 y\x -3-2-1
  1: -------
  0: |S| |S|
 -1: | | | |
 -2: | | | |
 -3: | | | |
 -4: | |N| |
 -5: -------

 y\x -3-2-1
  1: -------
  0: | | |S|
 -1: |S| | |
 -2: | | | |
 -3: | | | |
 -4: | |N| |
 -5: -------

 y\x -3-2-1
  0: -------
 -1: |S| |S|
 -2: | | | |
 -3: | | | |
 -4: | |N| |
 -5: -------

 y\x -3-2-1
  0: -------
 -1: |S| |S|
 -2: | | | |
 -3: | |N| |
 -4: -------

 y\x -3-2-1
  0: -------
 -1: | | |S|
 -2: |S| | |
 -3: | |N| |
 -4: -------

 y\x -3-2-1
 -1: -------
 -2: |S| |S|
 -3: | |N| |
 -4: -------

 y\x -3-2-1
 -1: -------
 -2: |S|N|S|
 -3: -------

 y\x -3-2-1
 -1: -------
 -2: |W|N|S|
 -3: -------

]]></system-out>
  <system-err><![CDATA[]]></system-err>
</testsuite>
